leaflet: 433.27 KB (8.55%)
aws-sdk: 397.84 KB (7.85%)
proj4: 337.93 KB (6.66%)
@material-ui\core: 318.34 KB (6.28%)
reactstrap: 280.7 KB (5.54%)
  react-transition-group: 47.98 KB (17.1%)
  dom-helpers: 1.5 KB (0.535%)
  <self>: 231.22 KB (82.4%)
esri-leaflet: 273.9 KB (5.40%)
amazon-cognito-identity-js: 266.91 KB (5.26%)
sockjs-client: 182.38 KB (3.60%)
esri-leaflet-renderers: 146.45 KB (2.89%)
@material-ui\styles: 144.3 KB (2.85%)
react-dom: 119.19 KB (2.35%)
react-popper: 98.58 KB (1.94%)
  popper.js: 86.41 KB (87.7%)
  <self>: 12.17 KB (12.3%)
react-redux: 96.66 KB (1.91%)
@emotion\core: 90.82 KB (1.79%)
  @emotion\serialize: 11.36 KB (12.5%)
  @emotion\cache: 5.23 KB (5.76%)
  @emotion\sheet: 3.98 KB (4.38%)
  @emotion\utils: 1.54 KB (1.69%)
  @emotion\memoize: 178 B (0.191%)
  <self>: 68.54 KB (75.5%)
react-cognito: 86.62 KB (1.71%)
popper.js: 86.41 KB (1.70%)
i18next: 73.4 KB (1.45%)
html-entities: 60.99 KB (1.20%)
jmespath: 56.94 KB (1.12%)
jss: 56.04 KB (1.11%)
react-transition-group: 54.62 KB (1.08%)
buffer: 47.47 KB (0.936%)
webpack-dev-server: 44.28 KB (0.873%)
  url: 23.08 KB (52.1%)
  strip-ansi: 161 B (0.355%)
  ansi-regex: 135 B (0.298%)
  <self>: 20.92 KB (47.2%)
axios: 41.25 KB (0.814%)
crypto-js: 37.76 KB (0.745%)
history: 28.05 KB (0.553%)
react-i18next: 27.86 KB (0.550%)
react-router: 24.93 KB (0.492%)
redux: 23.59 KB (0.465%)
url: 21.74 KB (0.429%)
mgrs: 20.46 KB (0.404%)
react-leaflet: 20.27 KB (0.400%)
@material-ui\system: 18.1 KB (0.357%)
@babel\runtime: 16.28 KB (0.321%)
@emotion\stylis: 15.57 KB (0.307%)
webpack: 15.41 KB (0.304%)
  events: 13.83 KB (89.7%)
  <self>: 1.58 KB (10.3%)
css-vendor: 14.49 KB (0.286%)
punycode: 14.31 KB (0.282%)
get-intrinsic: 11.99 KB (0.236%)
i18next-http-backend: 11.82 KB (0.233%)
@emotion\css: 11.79 KB (0.232%)
  @emotion\serialize: 11.36 KB (96.4%)
  @emotion\memoize: 178 B (1.47%)
  <self>: 259 B (2.15%)
@react-leaflet\core: 11.6 KB (0.229%)
wkt-parser: 11.41 KB (0.225%)
@terraformer\arcgis: 11.37 KB (0.224%)
es-abstract: 11.12 KB (0.219%)
path-to-regexp: 10.72 KB (0.211%)
  isarray: 120 B (1.09%)
  <self>: 10.6 KB (98.9%)
react-router-dom: 10.08 KB (0.199%)
@material-ui\utils: 9.65 KB (0.190%)
react-spinners: 8.67 KB (0.171%)
loglevel: 8.65 KB (0.171%)
events: 8.13 KB (0.160%)
react: 7.63 KB (0.151%)
proj4leaflet: 7.56 KB (0.149%)
@material-ui\icons: 7.46 KB (0.147%)
create-react-context: 7.07 KB (0.140%)
style-loader: 6.67 KB (0.131%)
uuid: 6.05 KB (0.119%)
react-lifecycles-compat: 5.91 KB (0.116%)
jss-plugin-default-unit: 5.8 KB (0.114%)
html-parse-stringify2: 5.32 KB (0.105%)
mini-create-react-context: 4.93 KB (0.0973%)
scheduler: 4.91 KB (0.0968%)
querystring: 4.51 KB (0.0889%)
object-keys: 4.36 KB (0.0860%)
ansi-html: 4.16 KB (0.0821%)
jss-plugin-global: 4.01 KB (0.0791%)
base64-js: 3.84 KB (0.0757%)
js-cookie: 3.79 KB (0.0748%)
screenfull: 3.78 KB (0.0745%)
jss-plugin-nested: 3.55 KB (0.0700%)
deep-equal: 3.44 KB (0.0678%)
react-is: 2.69 KB (0.0530%)
hoist-non-react-statics: 2.68 KB (0.0528%)
prop-types: 2.58 KB (0.0509%)
css-loader: 2.38 KB (0.0469%)
regexp.prototype.flags: 2.3 KB (0.0453%)
jss-plugin-rule-value-function: 2.3 KB (0.0453%)
ieee754: 2.1 KB (0.0415%)
has-symbols: 2.08 KB (0.0411%)
object-assign: 2.06 KB (0.0406%)
tiny-binary-search: 1.93 KB (0.0382%)
warning: 1.73 KB (0.0341%)
resolve-pathname: 1.72 KB (0.0340%)
call-bind: 1.68 KB (0.0331%)
@emotion\hash: 1.61 KB (0.0317%)
define-properties: 1.57 KB (0.0310%)
function-bind: 1.55 KB (0.0306%)
jss-plugin-vendor-prefixer: 1.49 KB (0.0293%)
jss-plugin-camel-case: 1.46 KB (0.0287%)
is-regex: 1.43 KB (0.0281%)
dom-helpers: 1.21 KB (0.0239%)
classnames: 1.17 KB (0.0231%)
object-is: 1.14 KB (0.0224%)
symbol-observable: 1.04 KB (0.0206%)
is-arguments: 1012 B (0.0195%)
unfetch: 949 B (0.0183%)
@emotion\unitless: 899 B (0.0173%)
value-equal: 860 B (0.0166%)
node-fetch: 732 B (0.0141%)
clsx: 659 B (0.0127%)
jss-plugin-props-sort: 593 B (0.0114%)
is-date-object: 558 B (0.0107%)
is-in-browser: 510 B (0.00982%)
hyphenate-style-name: 452 B (0.00871%)
void-elements: 376 B (0.00724%)
@emotion\weak-memoize: 372 B (0.00716%)
tiny-warning: 361 B (0.00695%)
tiny-invariant: 321 B (0.00618%)
gud: 139 B (0.00268%)
isarray: 132 B (0.00254%)
has: 129 B (0.00248%)
isomorphic-unfetch: 96 B (0.00185%)
<self>: 683.66 KB (13.5%)
