leaflet: 433.27 KB (9.10%)
aws-sdk: 386.65 KB (8.12%)
proj4: 337.93 KB (7.10%)
@material-ui/core: 318.34 KB (6.69%)
reactstrap: 280.7 KB (5.90%)
  react-transition-group: 47.98 KB (17.1%)
  dom-helpers: 1.5 KB (0.535%)
  <self>: 231.22 KB (82.4%)
esri-leaflet: 273.96 KB (5.75%)
amazon-cognito-identity-js: 266.91 KB (5.61%)
esri-leaflet-renderers: 146.45 KB (3.08%)
@material-ui/styles: 144.3 KB (3.03%)
react-dom: 119.19 KB (2.50%)
react-popper: 98.58 KB (2.07%)
  popper.js: 86.41 KB (87.7%)
  <self>: 12.17 KB (12.3%)
react-redux: 96.66 KB (2.03%)
@emotion/core: 90.82 KB (1.91%)
  @emotion/serialize: 11.36 KB (12.5%)
  @emotion/cache: 5.23 KB (5.76%)
  @emotion/sheet: 3.98 KB (4.38%)
  @emotion/utils: 1.54 KB (1.69%)
  @emotion/memoize: 178 B (0.191%)
  <self>: 68.54 KB (75.5%)
react-cognito: 86.62 KB (1.82%)
popper.js: 86.41 KB (1.82%)
i18next: 73.4 KB (1.54%)
jmespath: 56.94 KB (1.20%)
jss: 56.04 KB (1.18%)
react-transition-group: 54.62 KB (1.15%)
buffer: 47.47 KB (0.997%)
axios: 41.25 KB (0.866%)
crypto-js: 37.76 KB (0.793%)
history: 28.05 KB (0.589%)
react-i18next: 27.86 KB (0.585%)
react-router: 24.93 KB (0.524%)
redux: 23.59 KB (0.495%)
url: 21.74 KB (0.457%)
mgrs: 20.46 KB (0.430%)
react-leaflet: 20.27 KB (0.426%)
@material-ui/system: 18.1 KB (0.380%)
@babel/runtime: 16.28 KB (0.342%)
@emotion/stylis: 15.57 KB (0.327%)
css-vendor: 14.49 KB (0.304%)
punycode: 14.31 KB (0.300%)
get-intrinsic: 11.99 KB (0.252%)
i18next-http-backend: 11.82 KB (0.248%)
@emotion/css: 11.79 KB (0.248%)
  @emotion/serialize: 11.36 KB (96.4%)
  @emotion/memoize: 178 B (1.47%)
  <self>: 259 B (2.15%)
@react-leaflet/core: 11.6 KB (0.244%)
wkt-parser: 11.41 KB (0.240%)
@terraformer/arcgis: 11.37 KB (0.239%)
es-abstract: 11.12 KB (0.233%)
path-to-regexp: 10.72 KB (0.225%)
  isarray: 120 B (1.09%)
  <self>: 10.6 KB (98.9%)
react-router-dom: 10.08 KB (0.212%)
@material-ui/utils: 9.65 KB (0.203%)
react-spinners: 8.67 KB (0.182%)
events: 8.13 KB (0.171%)
@material-ui/icons: 8.11 KB (0.170%)
react: 7.63 KB (0.160%)
proj4leaflet: 7.56 KB (0.159%)
create-react-context: 7.07 KB (0.149%)
style-loader: 6.67 KB (0.140%)
uuid: 6.05 KB (0.127%)
react-lifecycles-compat: 5.91 KB (0.124%)
jss-plugin-default-unit: 5.8 KB (0.122%)
html-parse-stringify2: 5.32 KB (0.112%)
mini-create-react-context: 4.93 KB (0.104%)
scheduler: 4.91 KB (0.103%)
querystring: 4.51 KB (0.0947%)
object-keys: 4.36 KB (0.0915%)
jss-plugin-global: 4.01 KB (0.0842%)
base64-js: 3.84 KB (0.0807%)
js-cookie: 3.79 KB (0.0796%)
screenfull: 3.78 KB (0.0794%)
jss-plugin-nested: 3.55 KB (0.0745%)
deep-equal: 3.44 KB (0.0722%)
react-is: 2.69 KB (0.0564%)
hoist-non-react-statics: 2.68 KB (0.0563%)
prop-types: 2.58 KB (0.0543%)
css-loader: 2.38 KB (0.0499%)
regexp.prototype.flags: 2.3 KB (0.0482%)
jss-plugin-rule-value-function: 2.3 KB (0.0482%)
ieee754: 2.1 KB (0.0442%)
has-symbols: 2.08 KB (0.0438%)
object-assign: 2.06 KB (0.0432%)
tiny-binary-search: 1.93 KB (0.0406%)
warning: 1.73 KB (0.0363%)
resolve-pathname: 1.72 KB (0.0362%)
call-bind: 1.68 KB (0.0353%)
@emotion/hash: 1.61 KB (0.0338%)
define-properties: 1.57 KB (0.0330%)
function-bind: 1.55 KB (0.0326%)
jss-plugin-vendor-prefixer: 1.49 KB (0.0312%)
jss-plugin-camel-case: 1.46 KB (0.0306%)
is-regex: 1.43 KB (0.0300%)
dom-helpers: 1.21 KB (0.0254%)
classnames: 1.17 KB (0.0246%)
object-is: 1.14 KB (0.0239%)
symbol-observable: 1.04 KB (0.0219%)
is-arguments: 1012 B (0.0208%)
unfetch: 949 B (0.0195%)
@emotion/unitless: 899 B (0.0184%)
value-equal: 860 B (0.0176%)
node-fetch: 732 B (0.0150%)
clsx: 659 B (0.0135%)
jss-plugin-props-sort: 593 B (0.0122%)
is-date-object: 558 B (0.0114%)
is-in-browser: 510 B (0.0105%)
hyphenate-style-name: 452 B (0.00927%)
void-elements: 376 B (0.00771%)
@emotion/weak-memoize: 372 B (0.00763%)
tiny-warning: 361 B (0.00740%)
tiny-invariant: 321 B (0.00658%)
gud: 139 B (0.00285%)
isarray: 132 B (0.00271%)
has: 129 B (0.00265%)
isomorphic-unfetch: 96 B (0.00197%)
<self>: 700.53 KB (14.7%)
